TN:
SF:app.js
FN:10,(anonymous_0)
FN:12,(anonymous_1)
FN:15,(anonymous_2)
FN:21,(anonymous_3)
FN:29,(anonymous_4)
FNF:5
FNH:3
FNDA:1,(anonymous_0)
FNDA:0,(anonymous_1)
FNDA:0,(anonymous_2)
FNDA:1,(anonymous_3)
FNDA:1,(anonymous_4)
DA:1,1
DA:2,1
DA:3,1
DA:4,1
DA:5,1
DA:6,1
DA:8,1
DA:10,1
DA:11,1
DA:13,0
DA:16,0
DA:17,0
DA:21,1
DA:22,1
DA:24,1
DA:25,1
DA:26,1
DA:27,1
DA:29,1
DA:31,1
LF:20
LH:17
BRF:0
BRH:0
end_of_record
TN:
SF:src\configs\config.js
FNF:0
FNH:0
DA:1,1
DA:2,1
DA:4,1
LF:3
LH:3
BRF:0
BRH:0
end_of_record
TN:
SF:src\configs\db-config.js
FNF:0
FNH:0
DA:1,1
DA:3,1
LF:2
LH:2
BRF:0
BRH:0
end_of_record
TN:
SF:src\constants\api.js
FNF:0
FNH:0
DA:1,1
LF:1
LH:1
BRF:0
BRH:0
end_of_record
TN:
SF:src\controllers\trainers.controller.js
FN:4,getTrainers
FN:13,getTrainer
FN:28,createTrainer
FN:47,deleteTrainer
FN:60,updateTrainer
FNF:5
FNH:5
FNDA:1,getTrainers
FNDA:3,getTrainer
FNDA:1,createTrainer
FNDA:1,deleteTrainer
FNDA:1,updateTrainer
DA:1,1
DA:2,1
DA:5,1
DA:6,1
DA:7,1
DA:9,0
DA:14,3
DA:15,3
DA:16,3
DA:17,3
DA:18,2
DA:20,1
DA:24,0
DA:29,1
DA:30,1
DA:31,1
DA:32,1
DA:36,1
DA:38,1
DA:39,1
DA:43,0
DA:48,1
DA:49,1
DA:50,1
DA:51,1
DA:52,1
DA:54,0
DA:56,0
DA:61,1
DA:62,1
DA:63,1
DA:64,1
DA:68,1
DA:69,1
DA:75,1
DA:76,1
DA:77,1
DA:79,0
DA:81,0
DA:85,1
LF:40
LH:33
BRDA:17,0,0,2
BRDA:17,0,1,1
BRDA:51,1,0,1
BRDA:51,1,1,0
BRDA:75,2,0,1
BRDA:75,2,1,0
BRF:6
BRH:4
end_of_record
TN:
SF:src\middleware\multer.js
FN:5,(anonymous_0)
FN:12,(anonymous_1)
FNF:2
FNH:2
FNDA:2,(anonymous_0)
FNDA:2,(anonymous_1)
DA:1,1
DA:2,1
DA:4,1
DA:6,2
DA:7,2
DA:8,0
DA:10,2
DA:13,2
DA:14,2
DA:17,1
DA:18,1
LF:11
LH:10
BRDA:7,0,0,0
BRDA:7,0,1,2
BRF:2
BRH:1
end_of_record
TN:
SF:src\middleware\trainer.image.js
FN:10,uploadFile
FN:11,(anonymous_1)
FN:15,(anonymous_2)
FN:23,(anonymous_3)
FNF:4
FNH:3
FNDA:2,uploadFile
FNDA:2,(anonymous_1)
FNDA:2,(anonymous_2)
FNDA:0,(anonymous_3)
DA:1,1
DA:2,1
DA:3,1
DA:4,1
DA:8,1
DA:11,2
DA:12,2
DA:13,2
DA:15,2
DA:16,2
DA:17,0
DA:19,2
DA:20,2
DA:24,0
DA:28,1
LF:15
LH:13
BRDA:16,0,0,0
BRDA:16,0,1,2
BRF:2
BRH:1
end_of_record
TN:
SF:src\models\index.js
FN:24,(anonymous_0)
FN:29,(anonymous_1)
FN:37,(anonymous_2)
FNF:3
FNH:3
FNDA:3,(anonymous_0)
FNDA:2,(anonymous_1)
FNDA:2,(anonymous_2)
DA:3,1
DA:4,1
DA:5,1
DA:6,1
DA:7,1
DA:8,1
DA:9,1
DA:12,1
DA:13,0
DA:15,1
DA:23,1
DA:25,3
DA:30,2
DA:34,2
DA:37,1
DA:38,2
DA:39,2
DA:43,1
DA:44,1
DA:46,1
LF:20
LH:19
BRDA:7,0,0,1
BRDA:7,0,1,0
BRDA:12,1,0,0
BRDA:12,1,1,1
BRDA:26,2,0,3
BRDA:26,2,1,3
BRDA:26,2,2,2
BRDA:38,3,0,2
BRDA:38,3,1,0
BRF:9
BRH:6
end_of_record
TN:
SF:src\models\tbl_topics.js
FN:3,(anonymous_0)
FN:10,(anonymous_1)
FNF:2
FNH:2
FNDA:1,(anonymous_0)
FNDA:1,(anonymous_1)
DA:2,1
DA:3,1
DA:14,1
DA:24,1
LF:4
LH:4
BRF:0
BRH:0
end_of_record
TN:
SF:src\models\tbl_trainers.js
FN:5,(anonymous_0)
FN:12,(anonymous_1)
FNF:2
FNH:2
FNDA:1,(anonymous_0)
FNDA:1,(anonymous_1)
DA:4,1
DA:5,1
DA:16,1
DA:27,1
LF:4
LH:4
BRF:0
BRH:0
end_of_record
TN:
SF:src\routes\trainers.route.js
FNF:0
FNH:0
DA:1,1
DA:2,1
DA:3,1
DA:4,1
DA:6,1
DA:8,1
DA:10,1
DA:12,1
DA:19,1
DA:21,1
DA:26,1
LF:11
LH:11
BRF:0
BRH:0
end_of_record
TN:
SF:src\services\trainer.service.js
FN:5,getTrainers
FN:14,getTrainer
FN:20,createTrainer
FN:34,deleteTrainer
FN:46,updateTrainer
FNF:5
FNH:5
FNDA:1,getTrainers
FNDA:4,getTrainer
FNDA:1,createTrainer
FNDA:1,deleteTrainer
FNDA:1,updateTrainer
DA:1,1
DA:2,1
DA:3,1
DA:6,1
DA:11,1
DA:15,4
DA:17,4
DA:21,1
DA:31,1
DA:35,1
DA:43,1
DA:47,1
DA:62,1
DA:65,1
LF:14
LH:14
BRF:0
BRH:0
end_of_record
TN:
SF:src\validation\validation.js
FN:13,(anonymous_0)
FN:14,(anonymous_1)
FN:22,(anonymous_2)
FNF:3
FNH:2
FNDA:1,(anonymous_0)
FNDA:1,(anonymous_1)
FNDA:0,(anonymous_2)
DA:1,1
DA:2,1
DA:8,1
DA:13,1
DA:14,1
DA:15,1
DA:16,1
DA:18,1
DA:19,1
DA:21,0
DA:22,0
DA:23,0
DA:24,0
DA:29,1
LF:14
LH:10
BRDA:18,0,0,1
BRDA:18,0,1,0
BRF:2
BRH:1
end_of_record
